<?xml version="1.0" encoding="UTF-8"?>
<testsuite xmlns:xsi="http://www.w3.org/2001/XMLSchema-instance" xsi:noNamespaceSchemaLocation="https://maven.apache.org/surefire/maven-surefire-plugin/xsd/surefire-test-report.xsd" name="io.kyoumatrix.SimpleRestEndpointTest" time="2.331" tests="1" errors="0" skipped="0" failures="0">
  <properties>
    <property name="awt.toolkit" value="sun.awt.X11.XToolkit"/>
    <property name="java.specification.version" value="11"/>
    <property name="sun.cpu.isalist" value=""/>
    <property name="sun.jnu.encoding" value="UTF-8"/>
    <property name="java.class.path" value="/home/ohafsi/Workspace/KyouMatrix/MicroDataCenter/Tutorials/quarkus-native-development/quarkus-native-development/target/test-classes:/home/ohafsi/Workspace/KyouMatrix/MicroDataCenter/Tutorials/quarkus-native-development/quarkus-native-development/target/classes:/home/ohafsi/.m2/repository/io/quarkus/quarkus-resteasy/1.3.0.Final/quarkus-resteasy-1.3.0.Final.jar:/home/ohafsi/.m2/repository/io/quarkus/quarkus-vertx-http/1.3.0.Final/quarkus-vertx-http-1.3.0.Final.jar:/home/ohafsi/.m2/repository/io/quarkus/quarkus-development-mode-spi/1.3.0.Final/quarkus-development-mode-spi-1.3.0.Final.jar:/home/ohafsi/.m2/repository/io/quarkus/security/quarkus-security/1.0.1.Final/quarkus-security-1.0.1.Final.jar:/home/ohafsi/.m2/repository/jakarta/enterprise/jakarta.enterprise.cdi-api/2.0.2/jakarta.enterprise.cdi-api-2.0.2.jar:/home/ohafsi/.m2/repository/jakarta/el/jakarta.el-api/3.0.3/jakarta.el-api-3.0.3.jar:/home/ohafsi/.m2/repository/jakarta/interceptor/jakarta.interceptor-api/1.2.5/jakarta.interceptor-api-1.2.5.jar:/home/ohafsi/.m2/repository/io/quarkus/quarkus-vertx-core/1.3.0.Final/quarkus-vertx-core-1.3.0.Final.jar:/home/ohafsi/.m2/repository/io/quarkus/quarkus-netty/1.3.0.Final/quarkus-netty-1.3.0.Final.jar:/home/ohafsi/.m2/repository/io/netty/netty-codec/4.1.45.Final/netty-codec-4.1.45.Final.jar:/home/ohafsi/.m2/repository/io/netty/netty-handler/4.1.45.Final/netty-handler-4.1.45.Final.jar:/home/ohafsi/.m2/repository/io/vertx/vertx-core/3.8.5/vertx-core-3.8.5.jar:/home/ohafsi/.m2/repository/io/netty/netty-common/4.1.45.Final/netty-common-4.1.45.Final.jar:/home/ohafsi/.m2/repository/io/netty/netty-buffer/4.1.45.Final/netty-buffer-4.1.45.Final.jar:/home/ohafsi/.m2/repository/io/netty/netty-transport/4.1.45.Final/netty-transport-4.1.45.Final.jar:/home/ohafsi/.m2/repository/io/netty/netty-handler-proxy/4.1.45.Final/netty-handler-proxy-4.1.45.Final.jar:/home/ohafsi/.m2/repository/io/netty/netty-codec-socks/4.1.45.Final/netty-codec-socks-4.1.45.Final.jar:/home/ohafsi/.m2/repository/io/netty/netty-codec-http/4.1.45.Final/netty-codec-http-4.1.45.Final.jar:/home/ohafsi/.m2/repository/io/netty/netty-codec-http2/4.1.45.Final/netty-codec-http2-4.1.45.Final.jar:/home/ohafsi/.m2/repository/io/netty/netty-resolver/4.1.45.Final/netty-resolver-4.1.45.Final.jar:/home/ohafsi/.m2/repository/io/netty/netty-resolver-dns/4.1.45.Final/netty-resolver-dns-4.1.45.Final.jar:/home/ohafsi/.m2/repository/io/netty/netty-codec-dns/4.1.45.Final/netty-codec-dns-4.1.45.Final.jar:/home/ohafsi/.m2/repository/com/fasterxml/jackson/core/jackson-core/2.10.2/jackson-core-2.10.2.jar:/home/ohafsi/.m2/repository/io/vertx/vertx-web/3.8.5/vertx-web-3.8.5.jar:/home/ohafsi/.m2/repository/io/vertx/vertx-web-common/3.8.5/vertx-web-common-3.8.5.jar:/home/ohafsi/.m2/repository/io/vertx/vertx-auth-common/3.8.5/vertx-auth-common-3.8.5.jar:/home/ohafsi/.m2/repository/io/vertx/vertx-bridge-common/3.8.5/vertx-bridge-common-3.8.5.jar:/home/ohafsi/.m2/repository/io/quarkus/quarkus-resteasy-server-common/1.3.0.Final/quarkus-resteasy-server-common-1.3.0.Final.jar:/home/ohafsi/.m2/repository/io/quarkus/quarkus-arc/1.3.0.Final/quarkus-arc-1.3.0.Final.jar:/home/ohafsi/.m2/repository/io/quarkus/arc/arc/1.3.0.Final/arc-1.3.0.Final.jar:/home/ohafsi/.m2/repository/jakarta/transaction/jakarta.transaction-api/1.3.3/jakarta.transaction-api-1.3.3.jar:/home/ohafsi/.m2/repository/org/eclipse/microprofile/context-propagation/microprofile-context-propagation-api/1.0.1/microprofile-context-propagation-api-1.0.1.jar:/home/ohafsi/.m2/repository/io/quarkus/quarkus-resteasy-common/1.3.0.Final/quarkus-resteasy-common-1.3.0.Final.jar:/home/ohafsi/.m2/repository/org/jboss/resteasy/resteasy-core/4.5.2.Final/resteasy-core-4.5.2.Final.jar:/home/ohafsi/.m2/repository/org/jboss/spec/javax/ws/rs/jboss-jaxrs-api_2.1_spec/2.0.1.Final/jboss-jaxrs-api_2.1_spec-2.0.1.Final.jar:/home/ohafsi/.m2/repository/org/jboss/spec/javax/xml/bind/jboss-jaxb-api_2.3_spec/2.0.0.Final/jboss-jaxb-api_2.3_spec-2.0.0.Final.jar:/home/ohafsi/.m2/repository/org/jboss/resteasy/resteasy-core-spi/4.5.2.Final/resteasy-core-spi-4.5.2.Final.jar:/home/ohafsi/.m2/repository/org/reactivestreams/reactive-streams/1.0.3/reactive-streams-1.0.3.jar:/home/ohafsi/.m2/repository/org/eclipse/microprofile/config/microprofile-config-api/1.4/microprofile-config-api-1.4.jar:/home/ohafsi/.m2/repository/com/sun/activation/jakarta.activation/1.2.1/jakarta.activation-1.2.1.jar:/home/ohafsi/.m2/repository/jakarta/validation/jakarta.validation-api/2.0.2/jakarta.validation-api-2.0.2.jar:/home/ohafsi/.m2/repository/io/quarkus/quarkus-junit5/1.3.0.Final/quarkus-junit5-1.3.0.Final.jar:/home/ohafsi/.m2/repository/io/quarkus/quarkus-bootstrap-core/1.3.0.Final/quarkus-bootstrap-core-1.3.0.Final.jar:/home/ohafsi/.m2/repository/org/ow2/asm/asm/7.3.1/asm-7.3.1.jar:/home/ohafsi/.m2/repository/org/apache/maven/maven-embedder/3.6.3/maven-embedder-3.6.3.jar:/home/ohafsi/.m2/repository/org/apache/maven/maven-settings/3.6.3/maven-settings-3.6.3.jar:/home/ohafsi/.m2/repository/org/apache/maven/maven-core/3.6.3/maven-core-3.6.3.jar:/home/ohafsi/.m2/repository/org/apache/maven/maven-artifact/3.6.3/maven-artifact-3.6.3.jar:/home/ohafsi/.m2/repository/org/codehaus/plexus/plexus-component-annotations/2.1.0/plexus-component-annotations-2.1.0.jar:/home/ohafsi/.m2/repository/org/apache/maven/maven-plugin-api/3.6.3/maven-plugin-api-3.6.3.jar:/home/ohafsi/.m2/repository/org/apache/maven/maven-model/3.6.3/maven-model-3.6.3.jar:/home/ohafsi/.m2/repository/org/apache/maven/maven-model-builder/3.6.3/maven-model-builder-3.6.3.jar:/home/ohafsi/.m2/repository/org/apache/maven/maven-builder-support/3.6.3/maven-builder-support-3.6.3.jar:/home/ohafsi/.m2/repository/org/apache/maven/resolver/maven-resolver-api/1.4.1/maven-resolver-api-1.4.1.jar:/home/ohafsi/.m2/repository/org/apache/maven/resolver/maven-resolver-util/1.4.1/maven-resolver-util-1.4.1.jar:/home/ohafsi/.m2/repository/org/apache/maven/shared/maven-shared-utils/3.2.1/maven-shared-utils-3.2.1.jar:/home/ohafsi/.m2/repository/commons-io/commons-io/2.6/commons-io-2.6.jar:/home/ohafsi/.m2/repository/com/google/inject/guice/4.2.1/guice-4.2.1-no_aop.jar:/home/ohafsi/.m2/repository/com/google/guava/guava/27.0.1-jre/guava-27.0.1-jre.jar:/home/ohafsi/.m2/repository/com/google/guava/failureaccess/1.0.1/failureaccess-1.0.1.jar:/home/ohafsi/.m2/repository/com/google/guava/listenablefuture/9999.0-empty-to-avoid-conflict-with-guava/listenablefuture-9999.0-empty-to-avoid-conflict-with-guava.jar:/home/ohafsi/.m2/repository/org/checkerframework/checker-qual/2.5.2/checker-qual-2.5.2.jar:/home/ohafsi/.m2/repository/org/codehaus/plexus/plexus-utils/3.2.1/plexus-utils-3.2.1.jar:/home/ohafsi/.m2/repository/org/eclipse/sisu/org.eclipse.sisu.plexus/0.3.4/org.eclipse.sisu.plexus-0.3.4.jar:/home/ohafsi/.m2/repository/commons-cli/commons-cli/1.4/commons-cli-1.4.jar:/home/ohafsi/.m2/repository/org/apache/maven/maven-settings-builder/3.6.3/maven-settings-builder-3.6.3.jar:/home/ohafsi/.m2/repository/org/codehaus/plexus/plexus-interpolation/1.25/plexus-interpolation-1.25.jar:/home/ohafsi/.m2/repository/org/sonatype/plexus/plexus-sec-dispatcher/1.4/plexus-sec-dispatcher-1.4.jar:/home/ohafsi/.m2/repository/org/sonatype/plexus/plexus-cipher/1.4/plexus-cipher-1.4.jar:/home/ohafsi/.m2/repository/org/apache/maven/maven-resolver-provider/3.6.3/maven-resolver-provider-3.6.3.jar:/home/ohafsi/.m2/repository/org/apache/maven/maven-repository-metadata/3.6.3/maven-repository-metadata-3.6.3.jar:/home/ohafsi/.m2/repository/org/apache/maven/resolver/maven-resolver-spi/1.4.1/maven-resolver-spi-1.4.1.jar:/home/ohafsi/.m2/repository/org/apache/maven/resolver/maven-resolver-impl/1.4.1/maven-resolver-impl-1.4.1.jar:/home/ohafsi/.m2/repository/org/apache/maven/resolver/maven-resolver-connector-basic/1.4.1/maven-resolver-connector-basic-1.4.1.jar:/home/ohafsi/.m2/repository/org/apache/maven/resolver/maven-resolver-transport-wagon/1.4.1/maven-resolver-transport-wagon-1.4.1.jar:/home/ohafsi/.m2/repository/org/apache/maven/wagon/wagon-http/3.3.4/wagon-http-3.3.4.jar:/home/ohafsi/.m2/repository/org/apache/maven/wagon/wagon-http-shared/3.3.4/wagon-http-shared-3.3.4.jar:/home/ohafsi/.m2/repository/org/jsoup/jsoup/1.12.1/jsoup-1.12.1.jar:/home/ohafsi/.m2/repository/org/apache/maven/wagon/wagon-provider-api/3.3.4/wagon-provider-api-3.3.4.jar:/home/ohafsi/.m2/repository/org/apache/maven/wagon/wagon-file/3.3.4/wagon-file-3.3.4.jar:/home/ohafsi/.m2/repository/org/jboss/logging/jboss-logging/3.3.2.Final/jboss-logging-3.3.2.Final.jar:/home/ohafsi/.m2/repository/org/jboss/logging/commons-logging-jboss-logging/1.0.0.Final/commons-logging-jboss-logging-1.0.0.Final.jar:/home/ohafsi/.m2/repository/io/quarkus/quarkus-test-common/1.3.0.Final/quarkus-test-common-1.3.0.Final.jar:/home/ohafsi/.m2/repository/io/quarkus/quarkus-core-deployment/1.3.0.Final/quarkus-core-deployment-1.3.0.Final.jar:/home/ohafsi/.m2/repository/io/quarkus/gizmo/gizmo/1.0.2.Final/gizmo-1.0.2.Final.jar:/home/ohafsi/.m2/repository/org/ow2/asm/asm-util/7.3.1/asm-util-7.3.1.jar:/home/ohafsi/.m2/repository/org/ow2/asm/asm-tree/7.3.1/asm-tree-7.3.1.jar:/home/ohafsi/.m2/repository/org/ow2/asm/asm-analysis/7.3.1/asm-analysis-7.3.1.jar:/home/ohafsi/.m2/repository/io/quarkus/quarkus-builder/1.3.0.Final/quarkus-builder-1.3.0.Final.jar:/home/ohafsi/.m2/repository/io/quarkus/quarkus-jsonp-deployment/1.3.0.Final/quarkus-jsonp-deployment-1.3.0.Final.jar:/home/ohafsi/.m2/repository/io/quarkus/quarkus-jsonp/1.3.0.Final/quarkus-jsonp-1.3.0.Final.jar:/home/ohafsi/.m2/repository/org/glassfish/jakarta.json/1.1.6/jakarta.json-1.1.6.jar:/home/ohafsi/.m2/repository/org/jboss/jandex/2.1.2.Final/jandex-2.1.2.Final.jar:/home/ohafsi/.m2/repository/org/junit/jupiter/junit-jupiter/5.6.0/junit-jupiter-5.6.0.jar:/home/ohafsi/.m2/repository/org/junit/jupiter/junit-jupiter-api/5.6.0/junit-jupiter-api-5.6.0.jar:/home/ohafsi/.m2/repository/org/apiguardian/apiguardian-api/1.1.0/apiguardian-api-1.1.0.jar:/home/ohafsi/.m2/repository/org/opentest4j/opentest4j/1.2.0/opentest4j-1.2.0.jar:/home/ohafsi/.m2/repository/org/junit/platform/junit-platform-commons/1.6.0/junit-platform-commons-1.6.0.jar:/home/ohafsi/.m2/repository/org/junit/jupiter/junit-jupiter-params/5.6.0/junit-jupiter-params-5.6.0.jar:/home/ohafsi/.m2/repository/org/junit/jupiter/junit-jupiter-engine/5.6.0/junit-jupiter-engine-5.6.0.jar:/home/ohafsi/.m2/repository/org/junit/platform/junit-platform-engine/1.6.0/junit-platform-engine-1.6.0.jar:/home/ohafsi/.m2/repository/io/quarkus/quarkus-core/1.3.0.Final/quarkus-core-1.3.0.Final.jar:/home/ohafsi/.m2/repository/jakarta/annotation/jakarta.annotation-api/1.3.5/jakarta.annotation-api-1.3.5.jar:/home/ohafsi/.m2/repository/jakarta/inject/jakarta.inject-api/1.0/jakarta.inject-api-1.0.jar:/home/ohafsi/.m2/repository/io/smallrye/config/smallrye-config/1.7.0/smallrye-config-1.7.0.jar:/home/ohafsi/.m2/repository/io/smallrye/config/smallrye-config-common/1.7.0/smallrye-config-common-1.7.0.jar:/home/ohafsi/.m2/repository/org/jboss/logmanager/jboss-logmanager-embedded/1.0.4/jboss-logmanager-embedded-1.0.4.jar:/home/ohafsi/.m2/repository/org/jboss/logging/jboss-logging-annotations/2.1.0.Final/jboss-logging-annotations-2.1.0.Final.jar:/home/ohafsi/.m2/repository/org/jboss/threads/jboss-threads/3.0.1.Final/jboss-threads-3.0.1.Final.jar:/home/ohafsi/.m2/repository/org/slf4j/slf4j-api/1.7.29/slf4j-api-1.7.29.jar:/home/ohafsi/.m2/repository/org/jboss/slf4j/slf4j-jboss-logging/1.2.0.Final/slf4j-jboss-logging-1.2.0.Final.jar:/home/ohafsi/.m2/repository/org/graalvm/sdk/graal-sdk/19.3.1/graal-sdk-19.3.1.jar:/home/ohafsi/.m2/repository/org/wildfly/common/wildfly-common/1.5.4.Final-format-001/wildfly-common-1.5.4.Final-format-001.jar:/home/ohafsi/.m2/repository/io/rest-assured/rest-assured/4.2.0/rest-assured-4.2.0.jar:/home/ohafsi/.m2/repository/org/codehaus/groovy/groovy/2.5.8/groovy-2.5.8.jar:/home/ohafsi/.m2/repository/org/codehaus/groovy/groovy-xml/2.5.8/groovy-xml-2.5.8.jar:/home/ohafsi/.m2/repository/org/apache/httpcomponents/httpclient/4.5.11/httpclient-4.5.11.jar:/home/ohafsi/.m2/repository/org/apache/httpcomponents/httpcore/4.4.13/httpcore-4.4.13.jar:/home/ohafsi/.m2/repository/commons-codec/commons-codec/1.13/commons-codec-1.13.jar:/home/ohafsi/.m2/repository/org/apache/httpcomponents/httpmime/4.5.3/httpmime-4.5.3.jar:/home/ohafsi/.m2/repository/org/hamcrest/hamcrest/2.1/hamcrest-2.1.jar:/home/ohafsi/.m2/repository/org/ccil/cowan/tagsoup/tagsoup/1.2.1/tagsoup-1.2.1.jar:/home/ohafsi/.m2/repository/io/rest-assured/json-path/4.2.0/json-path-4.2.0.jar:/home/ohafsi/.m2/repository/org/codehaus/groovy/groovy-json/2.5.8/groovy-json-2.5.8.jar:/home/ohafsi/.m2/repository/io/rest-assured/rest-assured-common/4.2.0/rest-assured-common-4.2.0.jar:/home/ohafsi/.m2/repository/io/rest-assured/xml-path/4.2.0/xml-path-4.2.0.jar:/home/ohafsi/.m2/repository/org/apache/commons/commons-lang3/3.9/commons-lang3-3.9.jar:/home/ohafsi/.m2/repository/jakarta/xml/bind/jakarta.xml.bind-api/2.3.2/jakarta.xml.bind-api-2.3.2.jar:/home/ohafsi/.m2/repository/jakarta/activation/jakarta.activation-api/1.2.1/jakarta.activation-api-1.2.1.jar:/home/ohafsi/.m2/repository/org/apache/sling/org.apache.sling.javax.activation/0.1.0/org.apache.sling.javax.activation-0.1.0.jar:"/>
    <property name="java.vm.vendor" value="Oracle Corporation"/>
    <property name="sun.arch.data.model" value="64"/>
    <property name="java.vendor.url" value="https://openjdk.java.net/"/>
    <property name="user.timezone" value=""/>
    <property name="java.vm.specification.version" value="11"/>
    <property name="os.name" value="Linux"/>
    <property name="sun.java.launcher" value="SUN_STANDARD"/>
    <property name="user.country" value="GB"/>
    <property name="sun.boot.library.path" value="/home/ohafsi/.sdkman/candidates/java/19.3.1.r11-grl/lib"/>
    <property name="sun.java.command" value="/home/ohafsi/Workspace/KyouMatrix/MicroDataCenter/Tutorials/quarkus-native-development/quarkus-native-development/target/surefire/surefirebooter7251578780888986244.jar /home/ohafsi/Workspace/KyouMatrix/MicroDataCenter/Tutorials/quarkus-native-development/quarkus-native-development/target/surefire 2020-03-24T20-35-40_306-jvmRun1 surefire5037082515247665185tmp surefire_02011491599802528845tmp"/>
    <property name="jdk.debug" value="release"/>
    <property name="surefire.test.class.path" value="/home/ohafsi/Workspace/KyouMatrix/MicroDataCenter/Tutorials/quarkus-native-development/quarkus-native-development/target/test-classes:/home/ohafsi/Workspace/KyouMatrix/MicroDataCenter/Tutorials/quarkus-native-development/quarkus-native-development/target/classes:/home/ohafsi/.m2/repository/io/quarkus/quarkus-resteasy/1.3.0.Final/quarkus-resteasy-1.3.0.Final.jar:/home/ohafsi/.m2/repository/io/quarkus/quarkus-vertx-http/1.3.0.Final/quarkus-vertx-http-1.3.0.Final.jar:/home/ohafsi/.m2/repository/io/quarkus/quarkus-development-mode-spi/1.3.0.Final/quarkus-development-mode-spi-1.3.0.Final.jar:/home/ohafsi/.m2/repository/io/quarkus/security/quarkus-security/1.0.1.Final/quarkus-security-1.0.1.Final.jar:/home/ohafsi/.m2/repository/jakarta/enterprise/jakarta.enterprise.cdi-api/2.0.2/jakarta.enterprise.cdi-api-2.0.2.jar:/home/ohafsi/.m2/repository/jakarta/el/jakarta.el-api/3.0.3/jakarta.el-api-3.0.3.jar:/home/ohafsi/.m2/repository/jakarta/interceptor/jakarta.interceptor-api/1.2.5/jakarta.interceptor-api-1.2.5.jar:/home/ohafsi/.m2/repository/io/quarkus/quarkus-vertx-core/1.3.0.Final/quarkus-vertx-core-1.3.0.Final.jar:/home/ohafsi/.m2/repository/io/quarkus/quarkus-netty/1.3.0.Final/quarkus-netty-1.3.0.Final.jar:/home/ohafsi/.m2/repository/io/netty/netty-codec/4.1.45.Final/netty-codec-4.1.45.Final.jar:/home/ohafsi/.m2/repository/io/netty/netty-handler/4.1.45.Final/netty-handler-4.1.45.Final.jar:/home/ohafsi/.m2/repository/io/vertx/vertx-core/3.8.5/vertx-core-3.8.5.jar:/home/ohafsi/.m2/repository/io/netty/netty-common/4.1.45.Final/netty-common-4.1.45.Final.jar:/home/ohafsi/.m2/repository/io/netty/netty-buffer/4.1.45.Final/netty-buffer-4.1.45.Final.jar:/home/ohafsi/.m2/repository/io/netty/netty-transport/4.1.45.Final/netty-transport-4.1.45.Final.jar:/home/ohafsi/.m2/repository/io/netty/netty-handler-proxy/4.1.45.Final/netty-handler-proxy-4.1.45.Final.jar:/home/ohafsi/.m2/repository/io/netty/netty-codec-socks/4.1.45.Final/netty-codec-socks-4.1.45.Final.jar:/home/ohafsi/.m2/repository/io/netty/netty-codec-http/4.1.45.Final/netty-codec-http-4.1.45.Final.jar:/home/ohafsi/.m2/repository/io/netty/netty-codec-http2/4.1.45.Final/netty-codec-http2-4.1.45.Final.jar:/home/ohafsi/.m2/repository/io/netty/netty-resolver/4.1.45.Final/netty-resolver-4.1.45.Final.jar:/home/ohafsi/.m2/repository/io/netty/netty-resolver-dns/4.1.45.Final/netty-resolver-dns-4.1.45.Final.jar:/home/ohafsi/.m2/repository/io/netty/netty-codec-dns/4.1.45.Final/netty-codec-dns-4.1.45.Final.jar:/home/ohafsi/.m2/repository/com/fasterxml/jackson/core/jackson-core/2.10.2/jackson-core-2.10.2.jar:/home/ohafsi/.m2/repository/io/vertx/vertx-web/3.8.5/vertx-web-3.8.5.jar:/home/ohafsi/.m2/repository/io/vertx/vertx-web-common/3.8.5/vertx-web-common-3.8.5.jar:/home/ohafsi/.m2/repository/io/vertx/vertx-auth-common/3.8.5/vertx-auth-common-3.8.5.jar:/home/ohafsi/.m2/repository/io/vertx/vertx-bridge-common/3.8.5/vertx-bridge-common-3.8.5.jar:/home/ohafsi/.m2/repository/io/quarkus/quarkus-resteasy-server-common/1.3.0.Final/quarkus-resteasy-server-common-1.3.0.Final.jar:/home/ohafsi/.m2/repository/io/quarkus/quarkus-arc/1.3.0.Final/quarkus-arc-1.3.0.Final.jar:/home/ohafsi/.m2/repository/io/quarkus/arc/arc/1.3.0.Final/arc-1.3.0.Final.jar:/home/ohafsi/.m2/repository/jakarta/transaction/jakarta.transaction-api/1.3.3/jakarta.transaction-api-1.3.3.jar:/home/ohafsi/.m2/repository/org/eclipse/microprofile/context-propagation/microprofile-context-propagation-api/1.0.1/microprofile-context-propagation-api-1.0.1.jar:/home/ohafsi/.m2/repository/io/quarkus/quarkus-resteasy-common/1.3.0.Final/quarkus-resteasy-common-1.3.0.Final.jar:/home/ohafsi/.m2/repository/org/jboss/resteasy/resteasy-core/4.5.2.Final/resteasy-core-4.5.2.Final.jar:/home/ohafsi/.m2/repository/org/jboss/spec/javax/ws/rs/jboss-jaxrs-api_2.1_spec/2.0.1.Final/jboss-jaxrs-api_2.1_spec-2.0.1.Final.jar:/home/ohafsi/.m2/repository/org/jboss/spec/javax/xml/bind/jboss-jaxb-api_2.3_spec/2.0.0.Final/jboss-jaxb-api_2.3_spec-2.0.0.Final.jar:/home/ohafsi/.m2/repository/org/jboss/resteasy/resteasy-core-spi/4.5.2.Final/resteasy-core-spi-4.5.2.Final.jar:/home/ohafsi/.m2/repository/org/reactivestreams/reactive-streams/1.0.3/reactive-streams-1.0.3.jar:/home/ohafsi/.m2/repository/org/eclipse/microprofile/config/microprofile-config-api/1.4/microprofile-config-api-1.4.jar:/home/ohafsi/.m2/repository/com/sun/activation/jakarta.activation/1.2.1/jakarta.activation-1.2.1.jar:/home/ohafsi/.m2/repository/jakarta/validation/jakarta.validation-api/2.0.2/jakarta.validation-api-2.0.2.jar:/home/ohafsi/.m2/repository/io/quarkus/quarkus-junit5/1.3.0.Final/quarkus-junit5-1.3.0.Final.jar:/home/ohafsi/.m2/repository/io/quarkus/quarkus-bootstrap-core/1.3.0.Final/quarkus-bootstrap-core-1.3.0.Final.jar:/home/ohafsi/.m2/repository/org/ow2/asm/asm/7.3.1/asm-7.3.1.jar:/home/ohafsi/.m2/repository/org/apache/maven/maven-embedder/3.6.3/maven-embedder-3.6.3.jar:/home/ohafsi/.m2/repository/org/apache/maven/maven-settings/3.6.3/maven-settings-3.6.3.jar:/home/ohafsi/.m2/repository/org/apache/maven/maven-core/3.6.3/maven-core-3.6.3.jar:/home/ohafsi/.m2/repository/org/apache/maven/maven-artifact/3.6.3/maven-artifact-3.6.3.jar:/home/ohafsi/.m2/repository/org/codehaus/plexus/plexus-component-annotations/2.1.0/plexus-component-annotations-2.1.0.jar:/home/ohafsi/.m2/repository/org/apache/maven/maven-plugin-api/3.6.3/maven-plugin-api-3.6.3.jar:/home/ohafsi/.m2/repository/org/apache/maven/maven-model/3.6.3/maven-model-3.6.3.jar:/home/ohafsi/.m2/repository/org/apache/maven/maven-model-builder/3.6.3/maven-model-builder-3.6.3.jar:/home/ohafsi/.m2/repository/org/apache/maven/maven-builder-support/3.6.3/maven-builder-support-3.6.3.jar:/home/ohafsi/.m2/repository/org/apache/maven/resolver/maven-resolver-api/1.4.1/maven-resolver-api-1.4.1.jar:/home/ohafsi/.m2/repository/org/apache/maven/resolver/maven-resolver-util/1.4.1/maven-resolver-util-1.4.1.jar:/home/ohafsi/.m2/repository/org/apache/maven/shared/maven-shared-utils/3.2.1/maven-shared-utils-3.2.1.jar:/home/ohafsi/.m2/repository/commons-io/commons-io/2.6/commons-io-2.6.jar:/home/ohafsi/.m2/repository/com/google/inject/guice/4.2.1/guice-4.2.1-no_aop.jar:/home/ohafsi/.m2/repository/com/google/guava/guava/27.0.1-jre/guava-27.0.1-jre.jar:/home/ohafsi/.m2/repository/com/google/guava/failureaccess/1.0.1/failureaccess-1.0.1.jar:/home/ohafsi/.m2/repository/com/google/guava/listenablefuture/9999.0-empty-to-avoid-conflict-with-guava/listenablefuture-9999.0-empty-to-avoid-conflict-with-guava.jar:/home/ohafsi/.m2/repository/org/checkerframework/checker-qual/2.5.2/checker-qual-2.5.2.jar:/home/ohafsi/.m2/repository/org/codehaus/plexus/plexus-utils/3.2.1/plexus-utils-3.2.1.jar:/home/ohafsi/.m2/repository/org/eclipse/sisu/org.eclipse.sisu.plexus/0.3.4/org.eclipse.sisu.plexus-0.3.4.jar:/home/ohafsi/.m2/repository/commons-cli/commons-cli/1.4/commons-cli-1.4.jar:/home/ohafsi/.m2/repository/org/apache/maven/maven-settings-builder/3.6.3/maven-settings-builder-3.6.3.jar:/home/ohafsi/.m2/repository/org/codehaus/plexus/plexus-interpolation/1.25/plexus-interpolation-1.25.jar:/home/ohafsi/.m2/repository/org/sonatype/plexus/plexus-sec-dispatcher/1.4/plexus-sec-dispatcher-1.4.jar:/home/ohafsi/.m2/repository/org/sonatype/plexus/plexus-cipher/1.4/plexus-cipher-1.4.jar:/home/ohafsi/.m2/repository/org/apache/maven/maven-resolver-provider/3.6.3/maven-resolver-provider-3.6.3.jar:/home/ohafsi/.m2/repository/org/apache/maven/maven-repository-metadata/3.6.3/maven-repository-metadata-3.6.3.jar:/home/ohafsi/.m2/repository/org/apache/maven/resolver/maven-resolver-spi/1.4.1/maven-resolver-spi-1.4.1.jar:/home/ohafsi/.m2/repository/org/apache/maven/resolver/maven-resolver-impl/1.4.1/maven-resolver-impl-1.4.1.jar:/home/ohafsi/.m2/repository/org/apache/maven/resolver/maven-resolver-connector-basic/1.4.1/maven-resolver-connector-basic-1.4.1.jar:/home/ohafsi/.m2/repository/org/apache/maven/resolver/maven-resolver-transport-wagon/1.4.1/maven-resolver-transport-wagon-1.4.1.jar:/home/ohafsi/.m2/repository/org/apache/maven/wagon/wagon-http/3.3.4/wagon-http-3.3.4.jar:/home/ohafsi/.m2/repository/org/apache/maven/wagon/wagon-http-shared/3.3.4/wagon-http-shared-3.3.4.jar:/home/ohafsi/.m2/repository/org/jsoup/jsoup/1.12.1/jsoup-1.12.1.jar:/home/ohafsi/.m2/repository/org/apache/maven/wagon/wagon-provider-api/3.3.4/wagon-provider-api-3.3.4.jar:/home/ohafsi/.m2/repository/org/apache/maven/wagon/wagon-file/3.3.4/wagon-file-3.3.4.jar:/home/ohafsi/.m2/repository/org/jboss/logging/jboss-logging/3.3.2.Final/jboss-logging-3.3.2.Final.jar:/home/ohafsi/.m2/repository/org/jboss/logging/commons-logging-jboss-logging/1.0.0.Final/commons-logging-jboss-logging-1.0.0.Final.jar:/home/ohafsi/.m2/repository/io/quarkus/quarkus-test-common/1.3.0.Final/quarkus-test-common-1.3.0.Final.jar:/home/ohafsi/.m2/repository/io/quarkus/quarkus-core-deployment/1.3.0.Final/quarkus-core-deployment-1.3.0.Final.jar:/home/ohafsi/.m2/repository/io/quarkus/gizmo/gizmo/1.0.2.Final/gizmo-1.0.2.Final.jar:/home/ohafsi/.m2/repository/org/ow2/asm/asm-util/7.3.1/asm-util-7.3.1.jar:/home/ohafsi/.m2/repository/org/ow2/asm/asm-tree/7.3.1/asm-tree-7.3.1.jar:/home/ohafsi/.m2/repository/org/ow2/asm/asm-analysis/7.3.1/asm-analysis-7.3.1.jar:/home/ohafsi/.m2/repository/io/quarkus/quarkus-builder/1.3.0.Final/quarkus-builder-1.3.0.Final.jar:/home/ohafsi/.m2/repository/io/quarkus/quarkus-jsonp-deployment/1.3.0.Final/quarkus-jsonp-deployment-1.3.0.Final.jar:/home/ohafsi/.m2/repository/io/quarkus/quarkus-jsonp/1.3.0.Final/quarkus-jsonp-1.3.0.Final.jar:/home/ohafsi/.m2/repository/org/glassfish/jakarta.json/1.1.6/jakarta.json-1.1.6.jar:/home/ohafsi/.m2/repository/org/jboss/jandex/2.1.2.Final/jandex-2.1.2.Final.jar:/home/ohafsi/.m2/repository/org/junit/jupiter/junit-jupiter/5.6.0/junit-jupiter-5.6.0.jar:/home/ohafsi/.m2/repository/org/junit/jupiter/junit-jupiter-api/5.6.0/junit-jupiter-api-5.6.0.jar:/home/ohafsi/.m2/repository/org/apiguardian/apiguardian-api/1.1.0/apiguardian-api-1.1.0.jar:/home/ohafsi/.m2/repository/org/opentest4j/opentest4j/1.2.0/opentest4j-1.2.0.jar:/home/ohafsi/.m2/repository/org/junit/platform/junit-platform-commons/1.6.0/junit-platform-commons-1.6.0.jar:/home/ohafsi/.m2/repository/org/junit/jupiter/junit-jupiter-params/5.6.0/junit-jupiter-params-5.6.0.jar:/home/ohafsi/.m2/repository/org/junit/jupiter/junit-jupiter-engine/5.6.0/junit-jupiter-engine-5.6.0.jar:/home/ohafsi/.m2/repository/org/junit/platform/junit-platform-engine/1.6.0/junit-platform-engine-1.6.0.jar:/home/ohafsi/.m2/repository/io/quarkus/quarkus-core/1.3.0.Final/quarkus-core-1.3.0.Final.jar:/home/ohafsi/.m2/repository/jakarta/annotation/jakarta.annotation-api/1.3.5/jakarta.annotation-api-1.3.5.jar:/home/ohafsi/.m2/repository/jakarta/inject/jakarta.inject-api/1.0/jakarta.inject-api-1.0.jar:/home/ohafsi/.m2/repository/io/smallrye/config/smallrye-config/1.7.0/smallrye-config-1.7.0.jar:/home/ohafsi/.m2/repository/io/smallrye/config/smallrye-config-common/1.7.0/smallrye-config-common-1.7.0.jar:/home/ohafsi/.m2/repository/org/jboss/logmanager/jboss-logmanager-embedded/1.0.4/jboss-logmanager-embedded-1.0.4.jar:/home/ohafsi/.m2/repository/org/jboss/logging/jboss-logging-annotations/2.1.0.Final/jboss-logging-annotations-2.1.0.Final.jar:/home/ohafsi/.m2/repository/org/jboss/threads/jboss-threads/3.0.1.Final/jboss-threads-3.0.1.Final.jar:/home/ohafsi/.m2/repository/org/slf4j/slf4j-api/1.7.29/slf4j-api-1.7.29.jar:/home/ohafsi/.m2/repository/org/jboss/slf4j/slf4j-jboss-logging/1.2.0.Final/slf4j-jboss-logging-1.2.0.Final.jar:/home/ohafsi/.m2/repository/org/graalvm/sdk/graal-sdk/19.3.1/graal-sdk-19.3.1.jar:/home/ohafsi/.m2/repository/org/wildfly/common/wildfly-common/1.5.4.Final-format-001/wildfly-common-1.5.4.Final-format-001.jar:/home/ohafsi/.m2/repository/io/rest-assured/rest-assured/4.2.0/rest-assured-4.2.0.jar:/home/ohafsi/.m2/repository/org/codehaus/groovy/groovy/2.5.8/groovy-2.5.8.jar:/home/ohafsi/.m2/repository/org/codehaus/groovy/groovy-xml/2.5.8/groovy-xml-2.5.8.jar:/home/ohafsi/.m2/repository/org/apache/httpcomponents/httpclient/4.5.11/httpclient-4.5.11.jar:/home/ohafsi/.m2/repository/org/apache/httpcomponents/httpcore/4.4.13/httpcore-4.4.13.jar:/home/ohafsi/.m2/repository/commons-codec/commons-codec/1.13/commons-codec-1.13.jar:/home/ohafsi/.m2/repository/org/apache/httpcomponents/httpmime/4.5.3/httpmime-4.5.3.jar:/home/ohafsi/.m2/repository/org/hamcrest/hamcrest/2.1/hamcrest-2.1.jar:/home/ohafsi/.m2/repository/org/ccil/cowan/tagsoup/tagsoup/1.2.1/tagsoup-1.2.1.jar:/home/ohafsi/.m2/repository/io/rest-assured/json-path/4.2.0/json-path-4.2.0.jar:/home/ohafsi/.m2/repository/org/codehaus/groovy/groovy-json/2.5.8/groovy-json-2.5.8.jar:/home/ohafsi/.m2/repository/io/rest-assured/rest-assured-common/4.2.0/rest-assured-common-4.2.0.jar:/home/ohafsi/.m2/repository/io/rest-assured/xml-path/4.2.0/xml-path-4.2.0.jar:/home/ohafsi/.m2/repository/org/apache/commons/commons-lang3/3.9/commons-lang3-3.9.jar:/home/ohafsi/.m2/repository/jakarta/xml/bind/jakarta.xml.bind-api/2.3.2/jakarta.xml.bind-api-2.3.2.jar:/home/ohafsi/.m2/repository/jakarta/activation/jakarta.activation-api/1.2.1/jakarta.activation-api-1.2.1.jar:/home/ohafsi/.m2/repository/org/apache/sling/org.apache.sling.javax.activation/0.1.0/org.apache.sling.javax.activation-0.1.0.jar:"/>
    <property name="sun.cpu.endian" value="little"/>
    <property name="user.home" value="/home/ohafsi"/>
    <property name="user.language" value="en"/>
    <property name="java.specification.vendor" value="Oracle Corporation"/>
    <property name="java.version.date" value="2020-01-14"/>
    <property name="java.home" value="/home/ohafsi/.sdkman/candidates/java/19.3.1.r11-grl"/>
    <property name="file.separator" value="/"/>
    <property name="basedir" value="/home/ohafsi/Workspace/KyouMatrix/MicroDataCenter/Tutorials/quarkus-native-development/quarkus-native-development"/>
    <property name="java.vm.compressedOopsMode" value="Zero based"/>
    <property name="line.separator" value="&#10;"/>
    <property name="jdk.internal.vm.ci.enabled" value="true"/>
    <property name="java.specification.name" value="Java Platform API Specification"/>
    <property name="java.vm.specification.vendor" value="Oracle Corporation"/>
    <property name="java.awt.graphicsenv" value="sun.awt.X11GraphicsEnvironment"/>
    <property name="surefire.real.class.path" value="/home/ohafsi/Workspace/KyouMatrix/MicroDataCenter/Tutorials/quarkus-native-development/quarkus-native-development/target/surefire/surefirebooter7251578780888986244.jar"/>
    <property name="sun.management.compiler" value="HotSpot 64-Bit Tiered Compilers"/>
    <property name="java.runtime.version" value="11.0.6+9-jvmci-19.3-b07"/>
    <property name="user.name" value="ohafsi"/>
    <property name="path.separator" value=":"/>
    <property name="os.version" value="5.4.24-1-MANJARO"/>
    <property name="java.runtime.name" value="OpenJDK Runtime Environment"/>
    <property name="file.encoding" value="UTF-8"/>
    <property name="java.vm.name" value="OpenJDK 64-Bit Server VM"/>
    <property name="java.vendor.version" value="GraalVM CE 19.3.1"/>
    <property name="localRepository" value="/home/ohafsi/.m2/repository"/>
    <property name="java.vendor.url.bug" value="https://bugreport.java.com/bugreport/"/>
    <property name="java.io.tmpdir" value="/tmp"/>
    <property name="java.version" value="11.0.6"/>
    <property name="user.dir" value="/home/ohafsi/Workspace/KyouMatrix/MicroDataCenter/Tutorials/quarkus-native-development/quarkus-native-development"/>
    <property name="os.arch" value="amd64"/>
    <property name="java.vm.specification.name" value="Java Virtual Machine Specification"/>
    <property name="java.awt.printerjob" value="sun.print.PSPrinterJob"/>
    <property name="sun.os.patch.level" value="unknown"/>
    <property name="java.util.logging.manager" value="org.jboss.logmanager.LogManager"/>
    <property name="java.library.path" value="/usr/java/packages/lib:/usr/lib64:/lib64:/lib:/usr/lib"/>
    <property name="java.vendor" value="Oracle Corporation"/>
    <property name="java.vm.info" value="mixed mode, sharing"/>
    <property name="java.vm.version" value="11.0.6+9-jvmci-19.3-b07"/>
    <property name="sun.io.unicode.encoding" value="UnicodeLittle"/>
    <property name="quarkus.native.container-runtime" value="docker"/>
    <property name="java.class.version" value="55.0"/>
  </properties>
  <testcase name="testHelloEndpoint" classname="io.kyoumatrix.SimpleRestEndpointTest" time="0.981"/>
</testsuite>